/*C97*/SET SCHEMA PUBLIC
CONNECT USER SA
/*C98*/SET SCHEMA PUBLIC
CONNECT USER SA
SET AUTOCOMMIT FALSE
DELETE FROM COUNTER WHERE HITS=68
INSERT INTO COUNTER VALUES(69)
SET AUTOCOMMIT TRUE
/*C99*/SET SCHEMA PUBLIC
CONNECT USER SA
/*C100*/SET SCHEMA PUBLIC
CONNECT USER SA
/*C98*/DISCONNECT
/*C99*/DISCONNECT
/*C100*/DISCONNECT
/*C101*/SET SCHEMA PUBLIC
CONNECT USER SA
DISCONNECT
/*C102*/SET SCHEMA PUBLIC
CONNECT USER SA
DISCONNECT
/*C103*/SET SCHEMA PUBLIC
CONNECT USER SA
SET AUTOCOMMIT FALSE
DELETE FROM COUNTER WHERE HITS=69
INSERT INTO COUNTER VALUES(70)
SET AUTOCOMMIT TRUE
/*C104*/SET SCHEMA PUBLIC
CONNECT USER SA
/*C105*/SET SCHEMA PUBLIC
CONNECT USER SA
/*C106*/SET SCHEMA PUBLIC
CONNECT USER SA
SET AUTOCOMMIT FALSE
INSERT INTO CART VALUES('Motor','VPF7273','Gear Reduction Starter',25.0,2,'https://www.vapormatic.ie/images/VPF/iVPF7273.jpg?v=001')
SET AUTOCOMMIT TRUE
SET AUTOCOMMIT FALSE
DELETE FROM PART WHERE NAME='Motor' AND NUMBER='VPF7273' AND DESCRIPTION='Gear Reduction Starter' AND PRICE=25.0 AND STOCK=2 AND IMAGE='https://www.vapormatic.ie/images/VPF/iVPF7273.jpg?v=001'
INSERT INTO PART VALUES('Motor','VPF7273','Gear Reduction Starter',25.0,1,'https://www.vapormatic.ie/images/VPF/iVPF7273.jpg?v=001')
SET AUTOCOMMIT TRUE
SET AUTOCOMMIT FALSE
DELETE FROM CART WHERE NAME='Motor' AND NUMBER='VPF7273' AND DESCRIPTION='Gear Reduction Starter' AND PRICE=25.0 AND QUANTITY=2 AND IMAGE='https://www.vapormatic.ie/images/VPF/iVPF7273.jpg?v=001'
INSERT INTO CART VALUES('Motor','VPF7273','Gear Reduction Starter',25.0,1,'https://www.vapormatic.ie/images/VPF/iVPF7273.jpg?v=001')
SET AUTOCOMMIT TRUE
SET AUTOCOMMIT FALSE
DELETE FROM CART WHERE NAME='Motor' AND NUMBER='VPF7273' AND DESCRIPTION='Gear Reduction Starter' AND PRICE=25.0 AND QUANTITY=1 AND IMAGE='https://www.vapormatic.ie/images/VPF/iVPF7273.jpg?v=001'
INSERT INTO CART VALUES('Motor','VPF7273','Gear Reduction Starter',25.0,1,'https://www.vapormatic.ie/images/VPF/iVPF7273.jpg?v=001')
SET AUTOCOMMIT TRUE
DISCONNECT
/*C107*/SET SCHEMA PUBLIC
CONNECT USER SA
/*C108*/SET SCHEMA PUBLIC
CONNECT USER SA
INSERT INTO ORDERS VALUES('pdparts@hotmail.com','Motor','VPF7273','Gear Reduction Starter',25.0,1,'pending','2017-04-26 20:18:41.744000000')
/*C109*/SET SCHEMA PUBLIC
CONNECT USER SA
DELETE FROM CART WHERE NAME='Motor' AND NUMBER='VPF7273' AND DESCRIPTION='Gear Reduction Starter' AND PRICE=25.0 AND QUANTITY=1 AND IMAGE='https://www.vapormatic.ie/images/VPF/iVPF7273.jpg?v=001'
DISCONNECT
/*C110*/SET SCHEMA PUBLIC
CONNECT USER SA
/*C111*/SET SCHEMA PUBLIC
CONNECT USER SA
INSERT INTO FEEDBACK VALUES('emmet','2017-04-26 20:18:54.967000000')
DISCONNECT
/*C112*/SET SCHEMA PUBLIC
CONNECT USER SA
/*C113*/SET SCHEMA PUBLIC
CONNECT USER SA
/*C114*/SET SCHEMA PUBLIC
CONNECT USER SA
SET AUTOCOMMIT FALSE
DELETE FROM ORDERS WHERE USER='pdparts@hotmail.com' AND NAME='Motor' AND NUMBER='VPF7273' AND DESCRIPTION='Gear Reduction Starter' AND PRICE=25.0 AND QUANTITY=1 AND STATUS='pending' AND DATE='2017-04-26 20:18:41.744000000'
INSERT INTO ORDERS VALUES('pdparts@hotmail.com','Motor','VPF7273','Gear Reduction Starter',25.0,1,'completed','2017-04-26 20:18:41.744000000')
SET AUTOCOMMIT TRUE
/*C115*/SET SCHEMA PUBLIC
CONNECT USER SA
/*C116*/SET SCHEMA PUBLIC
CONNECT USER SA
/*C117*/SET SCHEMA PUBLIC
CONNECT USER SA
/*C112*/DISCONNECT
/*C107*/DISCONNECT
/*C113*/DISCONNECT
/*C114*/DISCONNECT
/*C115*/DISCONNECT
/*C116*/DISCONNECT
/*C117*/DISCONNECT
/*C103*/DISCONNECT
/*C104*/DISCONNECT
/*C105*/DISCONNECT
/*C108*/DISCONNECT
/*C110*/DISCONNECT
/*C118*/SET SCHEMA PUBLIC
CONNECT USER SA
SET AUTOCOMMIT FALSE
DELETE FROM PART WHERE NAME='Motor' AND NUMBER='VPF7273' AND DESCRIPTION='Gear Reduction Starter' AND PRICE=25.0 AND STOCK=1 AND IMAGE='https://www.vapormatic.ie/images/VPF/iVPF7273.jpg?v=001'
INSERT INTO PART VALUES('Motor','VPF7273','Gear Reduction Starter',25.0,5,'https://www.vapormatic.ie/images/VPF/iVPF7273.jpg?v=001')
SET AUTOCOMMIT TRUE
/*C119*/SET SCHEMA PUBLIC
CONNECT USER SA
/*C120*/SET SCHEMA PUBLIC
CONNECT USER SA
/*C118*/DISCONNECT
/*C120*/DISCONNECT
/*C119*/DISCONNECT
/*C121*/SET SCHEMA PUBLIC
CONNECT USER SA
/*C122*/SET SCHEMA PUBLIC
CONNECT USER SA
INSERT INTO PART VALUES('test2','VPF7041','test 3',25.0,7,'https://www.vapormatic.ie/images/VPF/iVPF7041.jpg?v=001')
DISCONNECT
/*C123*/SET SCHEMA PUBLIC
CONNECT USER SA
SET AUTOCOMMIT FALSE
DELETE FROM COUNTER WHERE HITS=70
INSERT INTO COUNTER VALUES(71)
SET AUTOCOMMIT TRUE
/*C124*/SET SCHEMA PUBLIC
CONNECT USER SA
DISCONNECT
/*C123*/DISCONNECT
/*C121*/DISCONNECT
/*C97*/DISCONNECT
